
ROM used: 2411 (29%)
          2737 (33%) including unused fragments

          1 Average locations per line
          6 Average locations per statement

RAM used: 42 (11%) at main() level
          78 (21%) worst case

Stack used: 2 worst case (out of 8 total available)

Lines Stmts  %   Files
----- ----- ---  -----
   79    46  11  final.c
  326     0   0  ..\..\..\..\..\..\..\Program Files (x86)\PICC\devices\16f877a.h
   37     0   0  ..\..\..\..\..\..\..\Program Files (x86)\PICC\drivers\stdio.h
  409   121  28  ..\..\..\..\..\..\..\Program Files (x86)\PICC\drivers\string.h
   28     0   0  ..\..\..\..\..\..\..\Program Files (x86)\PICC\drivers\stddef.h
   28     0   0  ..\..\..\..\..\..\..\Program Files (x86)\PICC\drivers\ctype.h
 2172   260  61  ..\..\..\..\..\..\..\Program Files (x86)\PICC\drivers\math.h
----- -----
 3079   427 Total

Page ROM  %  RAM   Vol Diff  Functions:
---- --- --- ---   --- ----  ----------
 Inline       20  1124 10.7  CEIL_FLOOR
0     63   3  10             @FLT
0     31   1   4             @SFTOI
0     29   1   2             @ITOF
0    202   8  14             @DIVFF
0    321  13  16             @ADDFF
0    117   5  13             @MULFF
0    412  17   4    43  2.1  floor
0     21   1   1             @delay_ms1
1    689  29  34  1704  7.3  MAIN
0     17   1   0             @const309
0     74   3   3             @PSTRINGC7_9600_62_63
0     13   1   0             @const311
0     80   3   4             @PSTRINGCN7_9600_62_63
 Inline        5             @FTOSD
0     66   3  13             @DIV3232
0    235  10  13             @PRINTF_L32D_9600_62_63FPFPF
0     14   1   0             @const322
0     12   0   0             @const323
0     11   0   0             @const324

Program metrics:
    Functions               3
    Statements              427
    Comments                508
    Volume (V)              3407
    Difficilty (D)          18.3
    Effort to implement (E) 62249
    Time to implement (T)   58 minutes
    Est Delivered Bugs (B)  1
    Cyclomatic Complexity   10
    Maintainability (MI)    102

 Segment     Used  Free
-----------  ----  ----
00000-00003     4  0  
00004-007FF  1718  326  
00800-00FFF   689  1359  
01000-017FF     0  2048  
01800-01FFF     0  2048  



