
ROM used:   2446/8192 (30%)
            2741/8192 (33%) including unused fragments

            0.7 Average locations per line
            5.7 Average locations per statement

RAM used:   42/368 (11%) at main() level
            78/368 (21%) worst case

Stack used: 2 worst case (2 in main + 0 for interrupts)
Stack size: 8

Lines Stmts  %   Files
----- ----- ---  -----
   79    46  11  final.c
  672     0   0  ..\..\..\..\..\..\..\Program Files (x86)\PICC\devices\16f877a.h
   37     0   0  ..\..\..\..\..\..\..\Program Files (x86)\PICC\drivers\stdio.h
  423   125  29  ..\..\..\..\..\..\..\Program Files (x86)\PICC\drivers\string.h
   32     0   0  ..\..\..\..\..\..\..\Program Files (x86)\PICC\drivers\stddef.h
   28     0   0  ..\..\..\..\..\..\..\Program Files (x86)\PICC\drivers\ctype.h
 2229   257  60  ..\..\..\..\..\..\..\Program Files (x86)\PICC\drivers\math.h
----- -----
 3500   428 Total

Page ROM  %  RAM    Vol Diff  Functions:
---- --- --- ---    --- ----  ----------
 Inline        20   1121 10.1  CEIL_FLOOR
0     63   3   10             @FLT
0     31   1    4             @SFTOI
0     29   1    2             @ITOF
0    117   5   13             @MULFF
0    321  13   16             @ADDFF
0    412  17    4     43  2.1  floor
0    202   8   14             @DIVFF
0     21   1    1             @delay_ms1
1    693  28   34   1704  7.3  MAIN
0     17   1    0             @const875
0     90   4    4             @PSTRINGC7_9600_62_63
0     13   1    0             @const877
0     89   4    5             @PSTRINGCN7_9600_62_63
 Inline         5             @FTOSD
0     79   3   13             @DIV3232
0    228   9   13             @PRINTF_L32D_9600_62_63FPFPF
0     14   1    0             @const888
0     12   0    0             @const889
0     11   0    0             @const890
 Inline         0             @cinit1

Program metrics:
    Functions               3
    Statements              428
    Comments                564
    Volume (V)              3407
    Difficulty (D)          17.7
    Effort to implement (E) 60321
    Time to implement (T)   56 minutes
    Est Delivered Bugs (B)  1
    Cyclomatic Complexity   10
    Maintainability (MI)    87

 Segment     Used  Free
-----------  ----  ----
00000-00003     4  0  
00004-007FF  1749  295  
00800-00FFF   693  1355  
01000-017FF     0  2048  
01800-01FFF     0  2048  



