
ROM used: 1292 (16%)
          1292 (16%) including unused fragments

          2 Average locations per line
          10 Average locations per statement

RAM used: 21 (6%) at main() level
          43 (12%) worst case

Stack used: 2 worst case (out of 8 total available)

Lines Stmts  %   Files
----- ----- ---  -----
   24    10   8  prac3.c
  326     0   0  ..\..\..\..\..\..\Program Files (x86)\PICC\devices\16f877a.h
   37     0   0  ..\..\..\..\..\..\Program Files (x86)\PICC\drivers\stdio.h
  409   121  92  ..\..\..\..\..\..\Program Files (x86)\PICC\drivers\string.h
   28     0   0  ..\..\..\..\..\..\Program Files (x86)\PICC\drivers\stddef.h
   28     0   0  ..\..\..\..\..\..\Program Files (x86)\PICC\drivers\ctype.h
----- -----
  852   131 Total

Page ROM  %  RAM   Vol Diff  Functions:
---- --- --- ---   --- ----  ----------
0     23   2   1             @delay_ms1
0    194  15  14   327  3.9  MAIN
0     31   2   2             @ITOF
0    117   9  13             @MULFF
0    204  16  14             @DIVFF
0    323  25  16             @ADDFF
0     11   1   0             @const177
0     82   6   4             @PSTRINGCN7_9600_62_63
 Inline        5             @FTOSD
0     66   5  13             @DIV3232
0    237  18  13             @PRINTF_L32D_9600_62_63FPFPF

Program metrics:
    Functions               1
    Statements              131
    Comments                257
    Volume (V)              346
    Difficilty (D)          3.0
    Effort to implement (E) 1038
    Time to implement (T)   1 minutes
    Est Delivered Bugs (B)  0
    Cyclomatic Complexity   1
    Maintainability (MI)    47

 Segment     Used  Free
-----------  ----  ----
00000-00003     4  0  
00004-007FF  1288  756  
00800-00FFF     0  2048  
01000-017FF     0  2048  
01800-01FFF     0  2048  



