
ROM used:   1200/8192 (15%)
            1200/8192 (15%) including unused fragments

            1.6 Average locations per line
            38.7 Average locations per statement

RAM used:   22/368 (6%) at main() level
            44/368 (12%) worst case

Stack used: 2 worst case (2 in main + 0 for interrupts)
Stack size: 8

Lines Stmts  %   Files
----- ----- ---  -----
   68    31 100  Sensor us.c
  672     0   0  ..\..\..\..\..\Program Files (x86)\PICC\devices\16f877a.h
----- -----
  740    31 Total

Page ROM  %  RAM    Vol Diff  Functions:
---- --- --- ---    --- ----  ----------
0     21   2    1             @delay_ms1
0    312  26    4    820  6.5  main
0     31   3    2             @ITOF
0    204  17   14             @DIVFF
0    117  10   13             @MULFF
0     10   1    0             @const641
0     89   7    5             @PSTRINGCN7_9600_62_63
 Inline         5             @FTOSD
0     79   7   13             @DIV3232
0    228  19   13             @PRINTF_L32D_9600_62_63FPFPF
0      9   1    0             @const652
0     63   5   10             @FLT
0     33   3    4             @SFTOI
 Inline         0             @cinit1

Program metrics:
    Functions               1
    Statements              31
    Comments                119
    Volume (V)              850
    Difficulty (D)          5.4
    Effort to implement (E) 4567
    Time to implement (T)   4 minutes
    Est Delivered Bugs (B)  0
    Cyclomatic Complexity   2
    Maintainability (MI)    33

 Segment     Used  Free
-----------  ----  ----
00000-00003     4  0  
00004-007FF  1196  848  
00800-00FFF     0  2048  
01000-017FF     0  2048  
01800-01FFF     0  2048  



