
ROM used: 111 (1%)
          111 (1%) including unused fragments

          0 Average locations per line
          1 Average locations per statement

RAM used: 15 (4%) at main() level
          15 (4%) worst case

Stack used: 1 worst case (out of 8 total available)

Lines Stmts  %   Files
----- ----- ---  -----
   45    14  10  Comunicación RS232.c
  326     0   0  ..\..\..\..\..\..\Program Files (x86)\PICC\devices\16F877A.h
   37     0   0  ..\..\..\..\..\..\Program Files (x86)\PICC\drivers\stdio.h
  409   121  90  ..\..\..\..\..\..\Program Files (x86)\PICC\drivers\string.h
   28     0   0  ..\..\..\..\..\..\Program Files (x86)\PICC\drivers\stddef.h
   28     0   0  ..\..\..\..\..\..\Program Files (x86)\PICC\drivers\ctype.h
----- -----
  873   135 Total

Page ROM  %  RAM   Vol Diff  Functions:
---- --- --- ---   --- ----  ----------
0     15  14   0   108  3.3  rda_isr
0     47  42   0   202  3.6  MAIN

Program metrics:
    Functions               2
    Statements              135
    Comments                275
    Volume (V)              374
    Difficilty (D)          7.0
    Effort to implement (E) 2619
    Time to implement (T)   2 minutes
    Est Delivered Bugs (B)  0
    Cyclomatic Complexity   2
    Maintainability (MI)    44

 Segment     Used  Free
-----------  ----  ----
00000-00003     4  0  
00004-00030    45  0  
00031-007FF    62  1937  
00800-00FFF     0  2048  
01000-017FF     0  2048  
01800-01FFF     0  2048  



